<?xml version="1.0" encoding="UTF-8"?>
<!-- Generated by org.testng.reporters.JUnitReportReporter -->
<testsuite hostname="DVTL8HM6GS1" name="example.NewTest" tests="1" failures="0" timestamp="28 May 2019 09:10:35 GMT" time="9.618" errors="0">
  <testcase name="testEasy" time="9.618" classname="example.NewTest"/>
</testsuite> <!-- example.NewTest -->
