<?xml version="1.0" encoding="UTF-8"?>
<!-- Generated by org.testng.reporters.JUnitReportReporter -->
<testsuite hostname="DVTL8HM6GS1" name="example.NewTest" tests="1" failures="0" timestamp="5 Apr 2019 13:17:15 GMT" time="7.408" errors="0">
  <testcase name="testEasy" time="7.408" classname="example.NewTest"/>
</testsuite> <!-- example.NewTest -->
